<?xml version="1.0" encoding="UTF-8"?>
<!-- Generated by org.testng.reporters.JUnitReportReporter -->
<testsuite hostname="WIN-91T8VRLM0AF" failures="0" tests="1" name="demowenshoptest.ValidateLogin" time="10.292" errors="0" timestamp="2021-09-06T11:10:34 IST" skipped="0">
  <testcase classname="demowenshoptest.ValidateLogin" name="checkLogin" time="10.292"/>
  <system-out/>
</testsuite> <!-- demowenshoptest.ValidateLogin -->
