<?xml version="1.0" encoding="UTF-8"?>
<!-- Generated by org.testng.reporters.JUnitReportReporter -->
<testsuite hostname="WIN-91T8VRLM0AF" failures="0" tests="3" name="learntestng.PriorityDemo" time="10.812" errors="0" timestamp="2021-09-01T12:05:38 IST" skipped="0">
  <testcase classname="learntestng.PriorityDemo" name="startApp" time="4.198"/>
  <system-out/>
  <testcase classname="learntestng.PriorityDemo" name="loginApp" time="5.708"/>
  <system-out/>
  <testcase classname="learntestng.PriorityDemo" name="signOff" time="0.906"/>
  <system-out/>
</testsuite> <!-- learntestng.PriorityDemo -->
