<?xml version="1.0" encoding="UTF-8"?>
<!-- Generated by org.testng.reporters.JUnitReportReporter -->
<testsuite hostname="WIN-91T8VRLM0AF" failures="0" tests="1" name="paralleltesting.GetLinks" time="9.498" errors="0" timestamp="2021-09-06T16:31:03 IST" skipped="0">
  <testcase classname="paralleltesting.GetLinks" name="getLink" time="9.498"/>
  <system-out/>
</testsuite> <!-- paralleltesting.GetLinks -->
