<?xml version="1.0" encoding="UTF-8"?>
<!-- Generated by org.testng.reporters.JUnitReportReporter -->
<testsuite hostname="WIN-91T8VRLM0AF" failures="0" tests="3" name="groupsdemos.TestGroup2" time="0.003" errors="0" timestamp="2021-09-02T16:05:57 IST" skipped="0">
  <testcase classname="groupsdemos.TestGroup2" name="Test7" time="0.001"/>
  <system-out/>
  <testcase classname="groupsdemos.TestGroup2" name="Test8" time="0.001"/>
  <system-out/>
  <testcase classname="groupsdemos.TestGroup2" name="Test6" time="0.001"/>
  <system-out/>
</testsuite> <!-- groupsdemos.TestGroup2 -->
