<?xml version="1.0" encoding="UTF-8"?>
<!-- Generated by org.testng.reporters.JUnitReportReporter -->
<testsuite hostname="WIN-91T8VRLM0AF" failures="0" tests="2" name="learntestng.DataProviderDemo" time="10.963" errors="0" timestamp="2021-09-01T13:34:03 IST" skipped="0">
  <testcase classname="learntestng.DataProviderDemo" name="f" time="2.418"/>
  <system-out/>
  <testcase classname="learntestng.DataProviderDemo" name="f" time="8.545"/>
  <system-out/>
</testsuite> <!-- learntestng.DataProviderDemo -->
