<?xml version="1.0" encoding="UTF-8"?>
<!-- Generated by org.testng.reporters.JUnitReportReporter -->
<testsuite hostname="WIN-91T8VRLM0AF" failures="0" tests="2" name="groupsdemos.TestGroup1" time="0.008" errors="0" timestamp="2021-09-02T16:05:57 IST" skipped="0">
  <testcase classname="groupsdemos.TestGroup1" name="Test4" time="0.007"/>
  <system-out/>
  <testcase classname="groupsdemos.TestGroup1" name="Test5" time="0.001"/>
  <system-out/>
</testsuite> <!-- groupsdemos.TestGroup1 -->
