<?xml version="1.0" encoding="UTF-8"?>
<!-- Generated by org.testng.reporters.JUnitReportReporter -->
<testsuite hostname="WIN-91T8VRLM0AF" failures="0" tests="2" name="paralleltesting.ParallelTestingDemo" time="12.804" errors="0" timestamp="2021-09-06T16:03:13 IST" skipped="0">
  <testcase classname="paralleltesting.ParallelTestingDemo" name="Test1" time="4.927"/>
  <system-out/>
  <testcase classname="paralleltesting.ParallelTestingDemo" name="Test2" time="7.877"/>
  <system-out/>
</testsuite> <!-- paralleltesting.ParallelTestingDemo -->
