<?xml version="1.0" encoding="UTF-8"?>
<!-- Generated by org.testng.reporters.JUnitReportReporter -->
<testsuite hostname="WIN-91T8VRLM0AF" failures="0" tests="1" name="pagefactorydemowebshoptest.VerifyLogin" time="11.118" errors="0" timestamp="2021-09-06T12:07:31 IST" skipped="0">
  <testcase classname="pagefactorydemowebshoptest.VerifyLogin" name="validateLogin" time="11.118"/>
  <system-out/>
</testsuite> <!-- pagefactorydemowebshoptest.VerifyLogin -->
