<?xml version="1.0" encoding="UTF-8"?>
<!-- Generated by org.testng.reporters.JUnitReportReporter -->
<testsuite hostname="WIN-91T8VRLM0AF" failures="0" tests="1" name="learntestng.GridDemo" time="12.031" errors="0" timestamp="2021-09-07T11:19:18 IST" skipped="0">
  <testcase classname="learntestng.GridDemo" name="testLogin" time="12.031"/>
  <system-out/>
</testsuite> <!-- learntestng.GridDemo -->
