<?xml version="1.0" encoding="UTF-8"?>
<!-- Generated by org.testng.reporters.JUnitReportReporter -->
<testsuite hostname="WIN-91T8VRLM0AF" failures="0" tests="1" name="pagefactorydemowebshoptest.VerifyRegister" time="13.933" errors="0" timestamp="2021-09-06T17:58:33 IST" skipped="0">
  <testcase classname="pagefactorydemowebshoptest.VerifyRegister" name="validateRegister" time="13.933"/>
  <system-out/>
</testsuite> <!-- pagefactorydemowebshoptest.VerifyRegister -->
