<?xml version="1.0" encoding="UTF-8"?>
<!-- Generated by org.testng.reporters.JUnitReportReporter -->
<testsuite hostname="WIN-91T8VRLM0AF" failures="0" tests="1" name="learntestng.TestNGexectionSequence" time="0.004" errors="0" timestamp="2021-09-01T11:41:06 IST" skipped="0">
  <testcase classname="learntestng.TestNGexectionSequence" name="checktitle" time="0.004"/>
  <system-out/>
</testsuite> <!-- learntestng.TestNGexectionSequence -->
