<?xml version="1.0" encoding="UTF-8"?>
<!-- Generated by org.testng.reporters.JUnitReportReporter -->
<testsuite hostname="WIN-91T8VRLM0AF" failures="0" tests="2" name="learntestng.AssertionsDemo" time="12.250" errors="0" timestamp="2021-09-07T10:09:04 IST" skipped="0">
  <testcase classname="learntestng.AssertionsDemo" name="checkurl" time="3.685"/>
  <system-out/>
  <testcase classname="learntestng.AssertionsDemo" name="checkLogo" time="8.565"/>
  <system-out/>
</testsuite> <!-- learntestng.AssertionsDemo -->
